<?xml version="1.0" encoding="UTF-8"?>
<!-- Generated by org.testng.reporters.JUnitReportReporter -->
<testsuite hostname="DESKTOP-N84GOOJ" failures="0" tests="17" name="org.TestCases.TS03_DepositsValidation" time="1521.486" errors="0" timestamp="2023-05-03T10:58:27 IST" skipped="0">
  <testcase classname="org.TestCases.TS03_DepositsValidation" name="TC01_RegistrationValidation" time="46.566"/>
  <system-out>
    <![CDATA[Registration --> Passed ]]>
  </system-out>
  <testcase classname="org.TestCases.TS03_DepositsValidation" name="TC02_LoginValidation" time="22.555"/>
  <system-out>
    <![CDATA[Login --> Passed ]]>
  </system-out>
  <testcase classname="org.TestCases.TS03_DepositsValidation" name="TC03_FixedDeposit" time="98.517"/>
  <system-out>
    <![CDATA[Reference ID :2023050303179386
Transaction ID :0940100000000568

Fixed Deposit Account Creation --> Passed ]]>
  </system-out>
  <testcase classname="org.TestCases.TS03_DepositsValidation" name="TC04_DepositClosureFD" time="118.724"/>
  <system-out>
    <![CDATA[Deposit Closure FD --> Passed ]]>
  </system-out>
  <testcase classname="org.TestCases.TS03_DepositsValidation" name="TC05_RecurringDepositOpen" time="93.744"/>
  <system-out>
    <![CDATA[Reference ID :2023050303179389
Transaction ID :0940103000000347

Recurring Deposit Account Creation --> Passed ]]>
  </system-out>
  <testcase classname="org.TestCases.TS03_DepositsValidation" name="TC06_DepositClosureRD" time="123.759"/>
  <system-out>
    <![CDATA[Deposit Closure RD --> Passed ]]>
  </system-out>
  <testcase classname="org.TestCases.TS03_DepositsValidation" name="TC07_KNDDepositOpen" time="104.755"/>
  <system-out>
    <![CDATA[Reference ID :2023050303179391
Transaction ID :0940101000000913

Fixed Deposit Account Creation --> Passed ]]>
  </system-out>
  <testcase classname="org.TestCases.TS03_DepositsValidation" name="TC08_DepositClosureKND" time="150.452"/>
  <system-out>
    <![CDATA[Deposit Closure KND --> Passed ]]>
  </system-out>
  <testcase classname="org.TestCases.TS03_DepositsValidation" name="TC09_FlexiDepositOpen" time="101.282"/>
  <system-out>
    <![CDATA[Reference ID :2023050303179393
Transaction ID :0940100000000569

Flexi Deposit Account Creation --> Passed ]]>
  </system-out>
  <testcase classname="org.TestCases.TS03_DepositsValidation" name="TC010_DepositClosureFlexi" time="75.433"/>
  <system-out>
    <![CDATA[Deposit Closure Flexi --> Passed ]]>
  </system-out>
  <testcase classname="org.TestCases.TS03_DepositsValidation" name="TC011_SIBDreams" time="103.123"/>
  <system-out>
    <![CDATA[Interest Rate 4.6%
Interest Benefits ` 8.63
Monthly Contribution ` 106.90
Reference ID :2023050303179394
Transaction ID :0940103000000348

SIB Dreams Deposit Account Creation --> Passed ]]>
  </system-out>
  <testcase classname="org.TestCases.TS03_DepositsValidation" name="TC012_LoanAgainstDepositPos" time="115.682"/>
  <system-out>
    <![CDATA[Loan Against Deposit Account Creation Positive Scenario --> Passed ]]>
  </system-out>
  <testcase classname="org.TestCases.TS03_DepositsValidation" name="TC013_DepositClosureWithLein" time="81.670"/>
  <system-out>
    <![CDATA[Deposit Closure Flexi --> Passed ]]>
  </system-out>
  <testcase classname="org.TestCases.TS03_DepositsValidation" name="TC014_TaxSaver" time="118.857"/>
  <system-out>
    <![CDATA[Reference ID :2023050303179396
Transaction ID :0940100000000570

Tax Saver Deposit Account Creation --> Passed ]]>
  </system-out>
  <testcase classname="org.TestCases.TS03_DepositsValidation" name="TC015_LoanAgainstDepositNeg" time="102.302"/>
  <system-out>
    <![CDATA[Loan Against Deposit Account Creation Negative Scenario --> Passed ]]>
  </system-out>
  <testcase classname="org.TestCases.TS03_DepositsValidation" name="TC016_DepositDetails" time="41.567"/>
  <system-out>
    <![CDATA[
 Validated - Deposit Calculator -> Fixed Deposit  

 Validated - Deposit Calculator -> Recurring Deposit   

 Validated -> EMI Calculator  
Validating Deposit Details --> Passed ]]>
  </system-out>
  <testcase classname="org.TestCases.TS03_DepositsValidation" name="TC17_LogOff" time="22.498"/>
  <system-out>
    <![CDATA[Logout --> Passed ]]>
  </system-out>
</testsuite> <!-- org.TestCases.TS03_DepositsValidation -->
