<?xml version="1.0" encoding="UTF-8"?>
<!-- Generated by org.testng.reporters.JUnitReportReporter -->
<testsuite hostname="DESKTOP-N84GOOJ" failures="0" tests="7" name="org.TestCases.General_TC02_AddPayeeFundTransferValidation" time="300.643" errors="0" timestamp="2023-04-28T12:22:32 IST" skipped="0">
  <testcase classname="org.TestCases.General_TC02_AddPayeeFundTransferValidation" name="TC01_RegistrationValidation" time="46.169"/>
  <system-out>
    <![CDATA[Registration --> Passed ]]>
  </system-out>
  <testcase classname="org.TestCases.General_TC02_AddPayeeFundTransferValidation" name="TC02_LoginValidation" time="20.498"/>
  <system-out>
    <![CDATA[Login --> Passed ]]>
  </system-out>
  <testcase classname="org.TestCases.General_TC02_AddPayeeFundTransferValidation" name="TC03_AccountDetailsValidation" time="21.394"/>
  <system-out>
    <![CDATA[Account Balance --> ` 99,682.69
Elock Status -->  Disabled
Account Details --> Passed ]]>
  </system-out>
  <testcase classname="org.TestCases.General_TC02_AddPayeeFundTransferValidation" name="TC_04_AddPayeeValidation" time="70.206"/>
  <system-out>
    <![CDATA[Payee Creation --> Passed ]]>
  </system-out>
  <testcase classname="org.TestCases.General_TC02_AddPayeeFundTransferValidation" name="TC_05_FundTransfer" time="69.951"/>
  <system-out>
    <![CDATA[Transation  ID - 2023042803179257
Reference ID - 311812637747
Fund Transfer --> Passed ]]>
  </system-out>
  <testcase classname="org.TestCases.General_TC02_AddPayeeFundTransferValidation" name="TC_06_DeletePayee" time="44.901"/>
  <system-out>
    <![CDATA[Payee Deletion--> Passed ]]>
  </system-out>
  <testcase classname="org.TestCases.General_TC02_AddPayeeFundTransferValidation" name="TC_07_LogOff" time="27.524"/>
  <system-out>
    <![CDATA[Logout --> Passed ]]>
  </system-out>
</testsuite> <!-- org.TestCases.General_TC02_AddPayeeFundTransferValidation -->
