<?xml version="1.0" encoding="UTF-8"?>
<!-- Generated by org.testng.reporters.JUnitReportReporter -->
<testsuite hostname="DESKTOP-N84GOOJ" failures="0" tests="7" name="org.TestCases.TC02_0_AddPayeeFundTransferValidationStaff" time="341.409" errors="0" timestamp="2023-04-24T15:43:29 IST" skipped="0">
  <testcase classname="org.TestCases.TC02_0_AddPayeeFundTransferValidationStaff" name="TC01_RegistrationValidation" time="51.969"/>
  <system-out>
    <![CDATA[Registration --> Passed ]]>
  </system-out>
  <testcase classname="org.TestCases.TC02_0_AddPayeeFundTransferValidationStaff" name="TC02_LoginValidation" time="24.923"/>
  <system-out>
    <![CDATA[Login --> Passed ]]>
  </system-out>
  <testcase classname="org.TestCases.TC02_0_AddPayeeFundTransferValidationStaff" name="TC03_AccountDetailsValidation" time="23.001"/>
  <system-out>
    <![CDATA[Account Balance --> ` 5,52,389
Elock Status -->  Disabled
Account Details --> Passed ]]>
  </system-out>
  <testcase classname="org.TestCases.TC02_0_AddPayeeFundTransferValidationStaff" name="TC_04_AddPayeeValidation" time="84.014"/>
  <system-out>
    <![CDATA[Payee Creation --> Passed ]]>
  </system-out>
  <testcase classname="org.TestCases.TC02_0_AddPayeeFundTransferValidationStaff" name="TC_05_FundTransfer" time="71.138"/>
  <system-out>
    <![CDATA[Transation  ID - 2023042403179032
Reference ID - 311415636864
Fund Transfer --> Passed ]]>
  </system-out>
  <testcase classname="org.TestCases.TC02_0_AddPayeeFundTransferValidationStaff" name="TC_06_DeletePayee" time="56.725"/>
  <system-out>
    <![CDATA[Payee Deletion--> Passed ]]>
  </system-out>
  <testcase classname="org.TestCases.TC02_0_AddPayeeFundTransferValidationStaff" name="TC_07_LogOff" time="29.639"/>
  <system-out>
    <![CDATA[Logout --> Passed ]]>
  </system-out>
</testsuite> <!-- org.TestCases.TC02_0_AddPayeeFundTransferValidationStaff -->
