<?xml version="1.0" encoding="UTF-8"?>
<!-- Generated by org.testng.reporters.JUnitReportReporter -->
<testsuite hostname="DESKTOP-N84GOOJ" failures="0" tests="7" name="org.TestScenarioStaff.TS02_FT_POCStaff_AddPayeeFundTransferValidation" time="310.427" errors="0" timestamp="2023-06-27T16:10:17 IST" skipped="0">
  <testcase classname="org.TestScenarioStaff.TS02_FT_POCStaff_AddPayeeFundTransferValidation" name="TC01_RegistrationValidation" time="46.826"/>
  <system-out>
    <![CDATA[Registration --> Failed 
Invalid User]]>
  </system-out>
  <testcase classname="org.TestScenarioStaff.TS02_FT_POCStaff_AddPayeeFundTransferValidation" name="TC02_LoginValidation" time="22.707"/>
  <system-out>
    <![CDATA[Login --> Failed ]]>
  </system-out>
  <testcase classname="org.TestScenarioStaff.TS02_FT_POCStaff_AddPayeeFundTransferValidation" name="TC03_AccountDetailsValidation" time="21.208"/>
  <system-out>
    <![CDATA[Account Balance --> ` 9,06,461.80
Elock Status -->  Disabled
Account Details --> Passed ]]>
  </system-out>
  <testcase classname="org.TestScenarioStaff.TS02_FT_POCStaff_AddPayeeFundTransferValidation" name="TC_04_AddPayeeValidation" time="70.981"/>
  <system-out>
    <![CDATA[Payee Creation --> Passed ]]>
  </system-out>
  <testcase classname="org.TestScenarioStaff.TS02_FT_POCStaff_AddPayeeFundTransferValidation" name="TC_05_FundTransfer" time="75.405"/>
  <system-out>
    <![CDATA[Transation  ID - 2023062703183420
Reference ID - 317816647096
Fund Transfer --> Passed ]]>
  </system-out>
  <testcase classname="org.TestScenarioStaff.TS02_FT_POCStaff_AddPayeeFundTransferValidation" name="TC_06_DeletePayee" time="45.259"/>
  <system-out>
    <![CDATA[Payee Deletion--> Passed ]]>
  </system-out>
  <testcase classname="org.TestScenarioStaff.TS02_FT_POCStaff_AddPayeeFundTransferValidation" name="TC_07_LogOff" time="28.041"/>
  <system-out>
    <![CDATA[Logout --> Passed ]]>
  </system-out>
</testsuite> <!-- org.TestScenarioStaff.TS02_FT_POCStaff_AddPayeeFundTransferValidation -->
