<?xml version="1.0" encoding="UTF-8"?>
<!-- Generated by org.testng.reporters.JUnitReportReporter -->
<testsuite hostname="DESKTOP-N84GOOJ" failures="0" tests="7" name="org.TestCases.TC02_AddPayeeFundTransferValidation" time="317.286" errors="0" timestamp="2023-04-24T14:21:36 IST" skipped="0">
  <testcase classname="org.TestCases.TC02_AddPayeeFundTransferValidation" name="TC01_RegistrationValidation" time="48.557"/>
  <system-out>
    <![CDATA[Registration --> Passed ]]>
  </system-out>
  <testcase classname="org.TestCases.TC02_AddPayeeFundTransferValidation" name="TC02_LoginValidation" time="22.785"/>
  <system-out>
    <![CDATA[Login --> Passed ]]>
  </system-out>
  <testcase classname="org.TestCases.TC02_AddPayeeFundTransferValidation" name="TC03_AccountDetailsValidation" time="22.449"/>
  <system-out>
    <![CDATA[Account Balance --> ` 5,52,399
Elock Status -->  Disabled
Account Details --> Passed ]]>
  </system-out>
  <testcase classname="org.TestCases.TC02_AddPayeeFundTransferValidation" name="TC_04_AddPayeeValidation" time="76.189"/>
  <system-out>
    <![CDATA[Payee Creation --> Passed ]]>
  </system-out>
  <testcase classname="org.TestCases.TC02_AddPayeeFundTransferValidation" name="TC_05_FundTransfer" time="68.924"/>
  <system-out>
    <![CDATA[Transation  ID - 2023042403179030
Reference ID - 311414636853
Fund Transfer --> Passed ]]>
  </system-out>
  <testcase classname="org.TestCases.TC02_AddPayeeFundTransferValidation" name="TC_06_DeletePayee" time="49.436"/>
  <system-out>
    <![CDATA[Payee Deletion--> Passed ]]>
  </system-out>
  <testcase classname="org.TestCases.TC02_AddPayeeFundTransferValidation" name="TC_07_LogOff" time="28.946"/>
  <system-out>
    <![CDATA[Logout --> Passed ]]>
  </system-out>
</testsuite> <!-- org.TestCases.TC02_AddPayeeFundTransferValidation -->
