<?xml version="1.0" encoding="UTF-8"?>
<!-- Generated by org.testng.reporters.JUnitReportReporter -->
<testsuite hostname="DESKTOP-N84GOOJ" failures="0" tests="1" name="org.Base.DriverInstance1" time="0.018" errors="1" timestamp="2023-02-07T18:11:02 IST" skipped="0">
  <testcase classname="org.Base.DriverInstance1" name="reportSetup" time="0.018">
    <error message="&#039;void com.aventstack.extentreports.reporter.BasicFileReporter.loadConfig(java.io.InputStream)&#039;" type="java.lang.NoSuchMethodError">
      <![CDATA[java.lang.NoSuchMethodError: 'void com.aventstack.extentreports.reporter.BasicFileReporter.loadConfig(java.io.InputStream)'
at com.aventstack.extentreports.reporter.BasicFileReporter.lambda$loadDefaultConfig$2(BasicFileReporter.java:137)
at java.base/java.util.Optional.ifPresent(Optional.java:178)
at com.aventstack.extentreports.reporter.BasicFileReporter.loadDefaultConfig(BasicFileReporter.java:137)
at com.aventstack.extentreports.reporter.BasicFileReporter.init(BasicFileReporter.java:104)
at com.aventstack.extentreports.reporter.ExtentHtmlReporter.<init>(ExtentHtmlReporter.java:30)
at org.ExtentReportListner.ExtentRep.reportSetup(ExtentRep.java:17)
at java.base/jdk.internal.reflect.DirectMethodHandleAccessor.invoke(DirectMethodHandleAccessor.java:104)
at java.base/java.lang.reflect.Method.invoke(Method.java:577)
at org.testng.internal.MethodInvocationHelper.invokeMethod(MethodInvocationHelper.java:133)
at org.testng.internal.MethodInvocationHelper.invokeMethodConsideringTimeout(MethodInvocationHelper.java:62)
at org.testng.internal.ConfigInvoker.invokeConfigurationMethod(ConfigInvoker.java:385)
at org.testng.internal.ConfigInvoker.invokeConfigurations(ConfigInvoker.java:321)
at org.testng.SuiteRunner.privateRun(SuiteRunner.java:317)
at org.testng.SuiteRunner.run(SuiteRunner.java:276)
at org.testng.SuiteRunnerWorker.runSuite(SuiteRunnerWorker.java:53)
at org.testng.SuiteRunnerWorker.run(SuiteRunnerWorker.java:96)
at org.testng.TestNG.runSuitesSequentially(TestNG.java:1212)
at org.testng.TestNG.runSuitesLocally(TestNG.java:1134)
at org.testng.TestNG.runSuites(TestNG.java:1063)
at org.testng.TestNG.run(TestNG.java:1031)
at org.testng.remote.AbstractRemoteTestNG.run(AbstractRemoteTestNG.java:115)
at org.testng.remote.RemoteTestNG.initAndRun(RemoteTestNG.java:251)
at org.testng.remote.RemoteTestNG.main(RemoteTestNG.java:77)
]]>
    </error>
  </testcase> <!-- reportSetup -->
  <system-out/>
</testsuite> <!-- org.Base.DriverInstance1 -->
