<?xml version="1.0" encoding="UTF-8"?>
<!-- Generated by org.testng.reporters.JUnitReportReporter -->
<testsuite hostname="DESKTOP-N84GOOJ" failures="0" tests="7" name="org.TestCases1.TS01_POCStaff_AddPayeeFundTransferValidation" time="309.845" errors="0" timestamp="2023-06-03T11:26:08 IST" skipped="0">
  <testcase classname="org.TestCases1.TS01_POCStaff_AddPayeeFundTransferValidation" name="TC01_RegistrationValidation" time="47.061"/>
  <system-out>
    <![CDATA[Registration --> Passed ]]>
  </system-out>
  <testcase classname="org.TestCases1.TS01_POCStaff_AddPayeeFundTransferValidation" name="TC02_LoginValidation" time="22.584"/>
  <system-out>
    <![CDATA[Login --> Passed ]]>
  </system-out>
  <testcase classname="org.TestCases1.TS01_POCStaff_AddPayeeFundTransferValidation" name="TC03_AccountDetailsValidation" time="22.279"/>
  <system-out>
    <![CDATA[Account Balance --> ` 4,71,726
Elock Status -->  Disabled
Account Details --> Passed ]]>
  </system-out>
  <testcase classname="org.TestCases1.TS01_POCStaff_AddPayeeFundTransferValidation" name="TC_04_AddPayeeValidation" time="70.987"/>
  <system-out>
    <![CDATA[Payee Creation --> Passed ]]>
  </system-out>
  <testcase classname="org.TestCases1.TS01_POCStaff_AddPayeeFundTransferValidation" name="TC_05_FundTransfer" time="73.994"/>
  <system-out>
    <![CDATA[Transation  ID - 2023060303180917
Reference ID - 315411644190
Fund Transfer --> Passed ]]>
  </system-out>
  <testcase classname="org.TestCases1.TS01_POCStaff_AddPayeeFundTransferValidation" name="TC_06_DeletePayee" time="45.109"/>
  <system-out>
    <![CDATA[Payee Deletion--> Passed ]]>
  </system-out>
  <testcase classname="org.TestCases1.TS01_POCStaff_AddPayeeFundTransferValidation" name="TC_07_LogOff" time="27.831"/>
  <system-out>
    <![CDATA[Logout --> Passed ]]>
  </system-out>
</testsuite> <!-- org.TestCases1.TS01_POCStaff_AddPayeeFundTransferValidation -->
