<?xml version="1.0" encoding="UTF-8"?>
<!-- Generated by org.testng.reporters.JUnitReportReporter -->
<testsuite hostname="DESKTOP-N84GOOJ" failures="0" tests="4" name="org.TestCases1.TS01_PreLoginRegistrationValidation" time="106.093" errors="0" timestamp="2023-05-26T10:19:00 IST" skipped="0">
  <testcase classname="org.TestCases1.TS01_PreLoginRegistrationValidation" name="TC01_PreLoginValidation" time="49.841"/>
  <system-out>
    <![CDATA[
 Validated -> Insurance   

 Validated -> EMI Calculator  

 Validated - Deposit Calculator -> Fixed Deposit  

 Validated - Deposit Calculator -> Recurring Deposit   

 Validated -> Deposit Rates  ]]>
  </system-out>
  <testcase classname="org.TestCases1.TS01_PreLoginRegistrationValidation" name="TC02_RegistrationValidation" time="35.647"/>
  <system-out>
    <![CDATA[Registration --> Passed ]]>
  </system-out>
  <testcase classname="org.TestCases1.TS01_PreLoginRegistrationValidation" name="TC_03_LoginValidation" time="12.120"/>
  <system-out>
    <![CDATA[Login --> Passed ]]>
  </system-out>
  <testcase classname="org.TestCases1.TS01_PreLoginRegistrationValidation" name="TC_04_LogOff" time="8.485"/>
  <system-out>
    <![CDATA[Logout --> Passed ]]>
  </system-out>
</testsuite> <!-- org.TestCases1.TS01_PreLoginRegistrationValidation -->
