<?xml version="1.0" encoding="UTF-8"?>
<!-- Generated by org.testng.reporters.JUnitReportReporter -->
<testsuite hostname="DESKTOP-N84GOOJ" failures="0" tests="7" name="org.TestCases1.TS03_NRE_AddPayeeFundTransferValidation" time="236.724" errors="0" timestamp="2023-05-11T11:21:28 IST" skipped="0">
  <testcase classname="org.TestCases1.TS03_NRE_AddPayeeFundTransferValidation" name="TC01_RegistrationValidation" time="35.365"/>
  <system-out>
    <![CDATA[Registration --> Passed ]]>
  </system-out>
  <testcase classname="org.TestCases1.TS03_NRE_AddPayeeFundTransferValidation" name="TC02_LoginValidation" time="12.094"/>
  <system-out>
    <![CDATA[Login --> Passed ]]>
  </system-out>
  <testcase classname="org.TestCases1.TS03_NRE_AddPayeeFundTransferValidation" name="TC03_AccountDetailsValidation" time="11.016"/>
  <system-out>
    <![CDATA[Account Balance --> ` 69,839.76
Elock Status -->  Disabled
Account Details --> Passed ]]>
  </system-out>
  <testcase classname="org.TestCases1.TS03_NRE_AddPayeeFundTransferValidation" name="TC_04_AddPayeeValidation" time="62.457"/>
  <system-out>
    <![CDATA[Payee Creation --> Passed ]]>
  </system-out>
  <testcase classname="org.TestCases1.TS03_NRE_AddPayeeFundTransferValidation" name="TC_05_FundTransfer" time="63.995"/>
  <system-out>
    <![CDATA[Transation  ID - 2023051103179660
Reference ID - 313111639588
Fund Transfer --> Passed ]]>
  </system-out>
  <testcase classname="org.TestCases1.TS03_NRE_AddPayeeFundTransferValidation" name="TC_06_DeletePayee" time="34.522"/>
  <system-out>
    <![CDATA[Payee Deletion--> Passed ]]>
  </system-out>
  <testcase classname="org.TestCases1.TS03_NRE_AddPayeeFundTransferValidation" name="TC_07_LogOff" time="17.275"/>
  <system-out>
    <![CDATA[Logout --> Passed ]]>
  </system-out>
</testsuite> <!-- org.TestCases1.TS03_NRE_AddPayeeFundTransferValidation -->
