<?xml version="1.0" encoding="UTF-8"?>
<!-- Generated by org.testng.reporters.JUnitReportReporter -->
<testsuite hostname="DESKTOP-N84GOOJ" failures="0" tests="7" name="org.TestCases.Staff_TC02_AddPayeeFundTransferValidation" time="307.314" errors="0" timestamp="2023-05-05T10:18:17 IST" skipped="0">
  <testcase classname="org.TestCases.Staff_TC02_AddPayeeFundTransferValidation" name="TC01_RegistrationValidation" time="46.812"/>
  <system-out>
    <![CDATA[Registration --> Passed ]]>
  </system-out>
  <testcase classname="org.TestCases.Staff_TC02_AddPayeeFundTransferValidation" name="TC02_LoginValidation" time="22.475"/>
  <system-out>
    <![CDATA[Login --> Passed ]]>
  </system-out>
  <testcase classname="org.TestCases.Staff_TC02_AddPayeeFundTransferValidation" name="TC03_AccountDetailsValidation" time="21.242"/>
  <system-out>
    <![CDATA[Account Balance --> ` 5,05,215
Elock Status -->  Disabled
Account Details --> Passed ]]>
  </system-out>
  <testcase classname="org.TestCases.Staff_TC02_AddPayeeFundTransferValidation" name="TC_04_AddPayeeValidation" time="71.055"/>
  <system-out>
    <![CDATA[Payee Creation --> Passed ]]>
  </system-out>
  <testcase classname="org.TestCases.Staff_TC02_AddPayeeFundTransferValidation" name="TC_05_FundTransfer" time="73.979"/>
  <system-out>
    <![CDATA[Transation  ID - 2023050503179504
Reference ID - 312510638724
Fund Transfer --> Passed ]]>
  </system-out>
  <testcase classname="org.TestCases.Staff_TC02_AddPayeeFundTransferValidation" name="TC_06_DeletePayee" time="44.969"/>
  <system-out>
    <![CDATA[Payee Deletion--> Passed ]]>
  </system-out>
  <testcase classname="org.TestCases.Staff_TC02_AddPayeeFundTransferValidation" name="TC_07_LogOff" time="26.782"/>
  <system-out>
    <![CDATA[Logout --> Passed ]]>
  </system-out>
</testsuite> <!-- org.TestCases.Staff_TC02_AddPayeeFundTransferValidation -->
