<?xml version="1.0" encoding="UTF-8"?>
<!-- Generated by org.testng.reporters.JUnitReportReporter -->
<testsuite hostname="DESKTOP-N84GOOJ" failures="0" tests="7" name="org.TestCases1.TS02_FT_POCStaff_AddPayeeFundTransferValidation" time="309.032" errors="0" timestamp="2023-06-09T17:35:50 IST" skipped="0">
  <testcase classname="org.TestCases1.TS02_FT_POCStaff_AddPayeeFundTransferValidation" name="TC01_RegistrationValidation" time="46.316"/>
  <system-out>
    <![CDATA[Registration --> Passed ]]>
  </system-out>
  <testcase classname="org.TestCases1.TS02_FT_POCStaff_AddPayeeFundTransferValidation" name="TC02_LoginValidation" time="22.608"/>
  <system-out>
    <![CDATA[Login --> Passed ]]>
  </system-out>
  <testcase classname="org.TestCases1.TS02_FT_POCStaff_AddPayeeFundTransferValidation" name="TC03_AccountDetailsValidation" time="21.142"/>
  <system-out>
    <![CDATA[Account Balance --> ` 4,51,743
Elock Status -->  Disabled
Account Details --> Passed ]]>
  </system-out>
  <testcase classname="org.TestCases1.TS02_FT_POCStaff_AddPayeeFundTransferValidation" name="TC_04_AddPayeeValidation" time="72.547"/>
  <system-out>
    <![CDATA[Payee Creation --> Passed ]]>
  </system-out>
  <testcase classname="org.TestCases1.TS02_FT_POCStaff_AddPayeeFundTransferValidation" name="TC_05_FundTransfer" time="74.427"/>
  <system-out>
    <![CDATA[Transation  ID - 2023060903181086
Reference ID - 316017644501
Fund Transfer --> Passed ]]>
  </system-out>
  <testcase classname="org.TestCases1.TS02_FT_POCStaff_AddPayeeFundTransferValidation" name="TC_06_DeletePayee" time="44.980"/>
  <system-out>
    <![CDATA[Payee Deletion--> Passed ]]>
  </system-out>
  <testcase classname="org.TestCases1.TS02_FT_POCStaff_AddPayeeFundTransferValidation" name="TC_07_LogOff" time="27.012"/>
  <system-out>
    <![CDATA[Logout --> Passed ]]>
  </system-out>
</testsuite> <!-- org.TestCases1.TS02_FT_POCStaff_AddPayeeFundTransferValidation -->
