<?xml version="1.0" encoding="UTF-8"?>
<!-- Generated by org.testng.reporters.JUnitReportReporter -->
<testsuite hostname="DESKTOP-N84GOOJ" failures="0" tests="7" name="org.TestCases1.Staff_TC02_AddPayeeFundTransferValidation" time="235.480" errors="0" timestamp="2023-05-10T14:10:47 IST" skipped="0">
  <testcase classname="org.TestCases1.Staff_TC02_AddPayeeFundTransferValidation" name="TC01_RegistrationValidation" time="35.860"/>
  <system-out>
    <![CDATA[Registration --> Passed ]]>
  </system-out>
  <testcase classname="org.TestCases1.Staff_TC02_AddPayeeFundTransferValidation" name="TC02_LoginValidation" time="12.107"/>
  <system-out>
    <![CDATA[Login --> Passed ]]>
  </system-out>
  <testcase classname="org.TestCases1.Staff_TC02_AddPayeeFundTransferValidation" name="TC03_AccountDetailsValidation" time="11.706"/>
  <system-out>
    <![CDATA[Account Balance --> ` 5,03,205
Elock Status -->  Disabled
Account Details --> Passed ]]>
  </system-out>
  <testcase classname="org.TestCases1.Staff_TC02_AddPayeeFundTransferValidation" name="TC_04_AddPayeeValidation" time="61.073"/>
  <system-out>
    <![CDATA[Payee Creation --> Passed ]]>
  </system-out>
  <testcase classname="org.TestCases1.Staff_TC02_AddPayeeFundTransferValidation" name="TC_05_FundTransfer" time="63.372"/>
  <system-out>
    <![CDATA[Transation  ID - 2023051003179631
Reference ID - 313014639492
Fund Transfer --> Passed ]]>
  </system-out>
  <testcase classname="org.TestCases1.Staff_TC02_AddPayeeFundTransferValidation" name="TC_06_DeletePayee" time="34.822"/>
  <system-out>
    <![CDATA[Payee Deletion--> Passed ]]>
  </system-out>
  <testcase classname="org.TestCases1.Staff_TC02_AddPayeeFundTransferValidation" name="TC_07_LogOff" time="16.540"/>
  <system-out>
    <![CDATA[Logout --> Passed ]]>
  </system-out>
</testsuite> <!-- org.TestCases1.Staff_TC02_AddPayeeFundTransferValidation -->
