<?xml version="1.0" encoding="UTF-8"?>
<!-- Generated by org.testng.reporters.JUnitReportReporter -->
<testsuite hostname="DESKTOP-N84GOOJ" failures="0" tests="7" name="org.TestCases1.TS04_Ashraya_AddPayeeFundTransferValidation" time="235.251" errors="0" timestamp="2023-05-10T15:14:40 IST" skipped="0">
  <testcase classname="org.TestCases1.TS04_Ashraya_AddPayeeFundTransferValidation" name="TC01_RegistrationValidation" time="35.369"/>
  <system-out>
    <![CDATA[Registration --> Passed ]]>
  </system-out>
  <testcase classname="org.TestCases1.TS04_Ashraya_AddPayeeFundTransferValidation" name="TC02_LoginValidation" time="11.993"/>
  <system-out>
    <![CDATA[Login --> Passed ]]>
  </system-out>
  <testcase classname="org.TestCases1.TS04_Ashraya_AddPayeeFundTransferValidation" name="TC03_AccountDetailsValidation" time="10.893"/>
  <system-out>
    <![CDATA[Account Balance --> ` 1,99,262.36
Elock Status -->  Disabled
Account Details --> Passed ]]>
  </system-out>
  <testcase classname="org.TestCases1.TS04_Ashraya_AddPayeeFundTransferValidation" name="TC_04_AddPayeeValidation" time="61.952"/>
  <system-out>
    <![CDATA[Payee Creation --> Passed ]]>
  </system-out>
  <testcase classname="org.TestCases1.TS04_Ashraya_AddPayeeFundTransferValidation" name="TC_05_FundTransfer" time="64.040"/>
  <system-out>
    <![CDATA[Transation  ID - 2023051003179635
Reference ID - 313015639511
Fund Transfer --> Passed ]]>
  </system-out>
  <testcase classname="org.TestCases1.TS04_Ashraya_AddPayeeFundTransferValidation" name="TC_06_DeletePayee" time="34.484"/>
  <system-out>
    <![CDATA[Payee Deletion--> Passed ]]>
  </system-out>
  <testcase classname="org.TestCases1.TS04_Ashraya_AddPayeeFundTransferValidation" name="TC_07_LogOff" time="16.520"/>
  <system-out>
    <![CDATA[Logout --> Passed ]]>
  </system-out>
</testsuite> <!-- org.TestCases1.TS04_Ashraya_AddPayeeFundTransferValidation -->
