<?xml version="1.0" encoding="UTF-8"?>
<!-- Generated by org.testng.reporters.JUnitReportReporter -->
<testsuite hostname="DESKTOP-N84GOOJ" failures="0" tests="1" name="org.TestCases.TC01_PreLoginValidation" time="79.352" errors="0" timestamp="2023-02-01T15:22:55 IST" skipped="0">
  <testcase classname="org.TestCases.TC01_PreLoginValidation" name="TC01_PreLoginValidation" time="79.352"/>
  <system-out>
    <![CDATA[
 Validated -> Insurance   

 Validated -> EMI Calculator  

 Validated - Deposit Calculator -> Fixed Deposit  

 Validated - Deposit Calculator -> Recurring Deposit   

 Validated -> Deposit Rates  ]]>
  </system-out>
</testsuite> <!-- org.TestCases.TC01_PreLoginValidation -->
