<?xml version="1.0" encoding="UTF-8"?>
<!-- Generated by org.testng.reporters.JUnitReportReporter -->
<testsuite hostname="DESKTOP-N84GOOJ" failures="0" tests="3" name="org.TestCases1.TS01_Staff_FundTransfer" time="141.231" errors="0" timestamp="2023-05-23T15:39:27 IST" skipped="0">
  <testcase classname="org.TestCases1.TS01_Staff_FundTransfer" name="TC01_RegistrationValidation" time="46.385"/>
  <system-out>
    <![CDATA[Registration --> Passed ]]>
  </system-out>
  <testcase classname="org.TestCases1.TS01_Staff_FundTransfer" name="TC02_LoginValidation" time="23.150"/>
  <system-out>
    <![CDATA[Login --> Passed ]]>
  </system-out>
  <testcase classname="org.TestCases1.TS01_Staff_FundTransfer" name="TC_03_FT_Instantly_TransferOtherBank" time="71.696"/>
  <system-out/>
</testsuite> <!-- org.TestCases1.TS01_Staff_FundTransfer -->
