<?xml version="1.0" encoding="UTF-8"?>
<!-- Generated by org.testng.reporters.JUnitReportReporter -->
<testsuite hostname="DESKTOP-N84GOOJ" failures="0" tests="7" name="org.TestCases1.TS01_Staff_AddPayeeFundTransferValidation" time="307.003" errors="0" timestamp="2023-05-22T11:38:58 IST" skipped="0">
  <testcase classname="org.TestCases1.TS01_Staff_AddPayeeFundTransferValidation" name="TC01_RegistrationValidation" time="44.958"/>
  <system-out>
    <![CDATA[Registration --> Passed ]]>
  </system-out>
  <testcase classname="org.TestCases1.TS01_Staff_AddPayeeFundTransferValidation" name="TC02_LoginValidation" time="22.370"/>
  <system-out>
    <![CDATA[Login --> Passed ]]>
  </system-out>
  <testcase classname="org.TestCases1.TS01_Staff_AddPayeeFundTransferValidation" name="TC03_AccountDetailsValidation" time="21.255"/>
  <system-out>
    <![CDATA[Account Balance --> ` 4,77,807
Elock Status -->  Disabled
Account Details --> Passed ]]>
  </system-out>
  <testcase classname="org.TestCases1.TS01_Staff_AddPayeeFundTransferValidation" name="TC_04_AddPayeeValidation" time="71.716"/>
  <system-out>
    <![CDATA[Payee Creation --> Passed ]]>
  </system-out>
  <testcase classname="org.TestCases1.TS01_Staff_AddPayeeFundTransferValidation" name="TC_05_FundTransfer" time="74.332"/>
  <system-out>
    <![CDATA[Transation  ID - 2023052203180052
Reference ID - 314211640966
Fund Transfer --> Passed ]]>
  </system-out>
  <testcase classname="org.TestCases1.TS01_Staff_AddPayeeFundTransferValidation" name="TC_06_DeletePayee" time="45.201"/>
  <system-out>
    <![CDATA[Payee Deletion--> Passed ]]>
  </system-out>
  <testcase classname="org.TestCases1.TS01_Staff_AddPayeeFundTransferValidation" name="TC_07_LogOff" time="27.171"/>
  <system-out>
    <![CDATA[Logout --> Passed ]]>
  </system-out>
</testsuite> <!-- org.TestCases1.TS01_Staff_AddPayeeFundTransferValidation -->
