<?xml version="1.0" encoding="UTF-8"?>
<!-- Generated by org.testng.reporters.JUnitReportReporter -->
<testsuite hostname="DESKTOP-N84GOOJ" failures="0" tests="4" name="org.TestCases1.TS01_TC01_Login_PreLoginRegistrationValidation" time="148.814" errors="0" timestamp="2023-06-09T17:17:10 IST" skipped="0">
  <testcase classname="org.TestCases1.TS01_TC01_Login_PreLoginRegistrationValidation" name="TC01_PreLoginValidation" time="61.544"/>
  <system-out>
    <![CDATA[
 Validated -> Insurance   

 Validated -> EMI Calculator  

 Validated - Deposit Calculator -> Fixed Deposit  

 Validated - Deposit Calculator -> Recurring Deposit   

 Validated -> Deposit Rates  ]]>
  </system-out>
  <testcase classname="org.TestCases1.TS01_TC01_Login_PreLoginRegistrationValidation" name="TC02_RegistrationValidation" time="45.517"/>
  <system-out>
    <![CDATA[Registration --> Passed ]]>
  </system-out>
  <testcase classname="org.TestCases1.TS01_TC01_Login_PreLoginRegistrationValidation" name="TC_03_LoginValidation" time="23.232"/>
  <system-out>
    <![CDATA[Login --> Passed ]]>
  </system-out>
  <testcase classname="org.TestCases1.TS01_TC01_Login_PreLoginRegistrationValidation" name="TC_04_LogOff" time="18.521"/>
  <system-out>
    <![CDATA[Logout --> Passed ]]>
  </system-out>
</testsuite> <!-- org.TestCases1.TS01_TC01_Login_PreLoginRegistrationValidation -->
